2026-01-02 18:40:01 DEBUG PackageRelationshipCollection:307 - Parsing relationship: /xl/_rels/workbook.xml.rels
2026-01-02 18:40:01 DEBUG PackageRelationshipCollection:307 - Parsing relationship: /_rels/.rels
2026-01-02 18:40:02 TRACE XBeanDebug:197 - Loading type system org.apache.poi.schemas.ooxml.system.ooxml
2026-01-02 18:40:02 TRACE XBeanDebug:197 - Loading type system org.apache.xmlbeans.metadata.system.sXMLCONFIG
2026-01-02 18:40:02 TRACE XBeanDebug:197 - Loading type system org.apache.xmlbeans.metadata.system.sXMLLANG
2026-01-02 18:40:02 TRACE XBeanDebug:197 - Loading type system org.apache.xmlbeans.metadata.system.sXMLSCHEMA
2026-01-02 18:40:02 TRACE XBeanDebug:197 - Loading type system org.apache.xmlbeans.metadata.system.sXMLTOOLS
2026-01-02 18:40:02 TRACE XBeanDebug:235 - Reading unresolved handles for type system org.apache.xmlbeans.metadata.system.sXMLTOOLS
2026-01-02 18:40:02 TRACE XBeanDebug:207 - Finished loading type system org.apache.xmlbeans.metadata.system.sXMLTOOLS
2026-01-02 18:40:02 TRACE XBeanDebug:235 - Reading unresolved handles for type system org.apache.xmlbeans.metadata.system.sXMLSCHEMA
2026-01-02 18:40:02 TRACE XBeanDebug:207 - Finished loading type system org.apache.xmlbeans.metadata.system.sXMLSCHEMA
2026-01-02 18:40:02 TRACE XBeanDebug:235 - Reading unresolved handles for type system org.apache.xmlbeans.metadata.system.sXMLLANG
2026-01-02 18:40:02 TRACE XBeanDebug:207 - Finished loading type system org.apache.xmlbeans.metadata.system.sXMLLANG
2026-01-02 18:40:02 TRACE XBeanDebug:235 - Reading unresolved handles for type system org.apache.xmlbeans.metadata.system.sXMLCONFIG
2026-01-02 18:40:02 TRACE XBeanDebug:207 - Finished loading type system org.apache.xmlbeans.metadata.system.sXMLCONFIG
2026-01-02 18:40:02 TRACE XBeanDebug:235 - Reading unresolved handles for type system org.apache.poi.schemas.ooxml.system.ooxml
2026-01-02 18:40:02 TRACE XBeanDebug:207 - Finished loading type system org.apache.poi.schemas.ooxml.system.ooxml
2026-01-02 18:40:02 TRACE XBeanDebug:939 - Resolving type for handle themefd26doctype
2026-01-02 18:40:02 TRACE XBeanDebug:939 - Resolving type for handle stylesheet5d8bdoctype
2026-01-02 18:40:02 TRACE XBeanDebug:939 - Resolving type for handle ctstylesheet4257type
2026-01-02 18:40:02 TRACE XBeanDebug:939 - Resolving type for handle ctfonts6623type
2026-01-02 18:40:02 TRACE XBeanDebug:939 - Resolving type for handle ctfont14d8type
2026-01-02 18:40:02 TRACE XBeanDebug:939 - Resolving type for handle ctfills2c6ftype
2026-01-02 18:40:02 TRACE XBeanDebug:939 - Resolving type for handle ctfill550ctype
2026-01-02 18:40:02 TRACE XBeanDebug:939 - Resolving type for handle ctborders0d66type
2026-01-02 18:40:02 TRACE XBeanDebug:939 - Resolving type for handle ctborderf935type
2026-01-02 18:40:02 TRACE XBeanDebug:939 - Resolving type for handle ctcellxfs1322type
2026-01-02 18:40:02 TRACE XBeanDebug:939 - Resolving type for handle ctxf97f7type
2026-01-02 18:40:02 TRACE XBeanDebug:939 - Resolving type for handle ctcellstylexfsa81ftype
2026-01-02 18:40:02 TRACE XBeanDebug:939 - Resolving type for handle ctdxfsb26atype
2026-01-02 18:40:02 TRACE XBeanDebug:939 - Resolving type for handle cttablestyles872ftype
2026-01-02 18:40:02 TRACE XBeanDebug:939 - Resolving type for handle sstf81fdoctype
2026-01-02 18:40:02 TRACE XBeanDebug:939 - Resolving type for handle ctsst44f3type
2026-01-02 18:40:02 TRACE XBeanDebug:939 - Resolving type for handle ctrsta472type
2026-01-02 18:40:02 TRACE XBeanDebug:939 - Resolving type for handle workbookec17doctype
2026-01-02 18:40:02 TRACE XBeanDebug:939 - Resolving type for handle ctworkbook83c3type
2026-01-02 18:40:02 TRACE XBeanDebug:939 - Resolving type for handle ctsheets49fdtype
2026-01-02 18:40:02 TRACE XBeanDebug:939 - Resolving type for handle ctsheet4dbetype
2026-01-02 18:40:02 TRACE XBeanDebug:939 - Resolving type for handle strelationshipid1e94type
2026-01-02 18:40:02 TRACE XBeanDebug:939 - Resolving type for handle worksheetf539doctype
2026-01-02 18:40:02 TRACE XBeanDebug:939 - Resolving type for handle ctworksheet530dtype
2026-01-02 18:40:02 TRACE XBeanDebug:939 - Resolving type for handle ctcols627ctype
2026-01-02 18:40:02 TRACE XBeanDebug:939 - Resolving type for handle ctsheetdata8408type
2026-01-02 18:40:02 TRACE XBeanDebug:939 - Resolving type for handle ctrowdd39type
2026-01-02 18:40:02 TRACE XBeanDebug:939 - Resolving type for handle ctcell842btype
2026-01-02 18:40:02 TRACE XBeanDebug:939 - Resolving type for handle stcellrefe4e0type
2026-01-02 18:40:02 TRACE XBeanDebug:939 - Resolving type for handle stxstringf179type
2026-01-02 18:40:02 DEBUG PackageRelationshipCollection:307 - Parsing relationship: /xl/_rels/workbook.xml.rels
2026-01-02 18:40:02 DEBUG PackageRelationshipCollection:307 - Parsing relationship: /_rels/.rels
2026-01-02 18:40:02 DEBUG PackageRelationshipCollection:307 - Parsing relationship: /xl/_rels/workbook.xml.rels
2026-01-02 18:40:03 DEBUG PackageRelationshipCollection:307 - Parsing relationship: /_rels/.rels
2026-01-02 18:40:03 TRACE XBeanDebug:939 - Resolving type for handle stcelltypebf95type
2026-01-02 18:40:03 DEBUG PackageRelationshipCollection:307 - Parsing relationship: /xl/_rels/workbook.xml.rels
2026-01-02 18:40:03 DEBUG PackageRelationshipCollection:307 - Parsing relationship: /_rels/.rels
2026-01-02 18:40:03 DEBUG PackageRelationshipCollection:307 - Parsing relationship: /xl/_rels/workbook.xml.rels
2026-01-02 18:40:03 DEBUG PackageRelationshipCollection:307 - Parsing relationship: /_rels/.rels
2026-01-02 18:40:03 DEBUG PackageRelationshipCollection:307 - Parsing relationship: /xl/_rels/workbook.xml.rels
2026-01-02 18:40:03 DEBUG PackageRelationshipCollection:307 - Parsing relationship: /_rels/.rels
2026-01-02 18:40:03 DEBUG PackageRelationshipCollection:307 - Parsing relationship: /xl/_rels/workbook.xml.rels
2026-01-02 18:40:03 DEBUG PackageRelationshipCollection:307 - Parsing relationship: /_rels/.rels
2026-01-02 18:40:03 DEBUG PackageRelationshipCollection:307 - Parsing relationship: /xl/_rels/workbook.xml.rels
2026-01-02 18:40:03 DEBUG PackageRelationshipCollection:307 - Parsing relationship: /_rels/.rels
2026-01-02 18:40:03 DEBUG PackageRelationshipCollection:307 - Parsing relationship: /xl/_rels/workbook.xml.rels
2026-01-02 18:40:03 DEBUG PackageRelationshipCollection:307 - Parsing relationship: /_rels/.rels
2026-01-02 18:40:03 DEBUG PackageRelationshipCollection:307 - Parsing relationship: /xl/_rels/workbook.xml.rels
2026-01-02 18:40:03 DEBUG PackageRelationshipCollection:307 - Parsing relationship: /_rels/.rels
2026-01-02 18:40:03 DEBUG PackageRelationshipCollection:307 - Parsing relationship: /xl/_rels/workbook.xml.rels
2026-01-02 18:40:03 DEBUG PackageRelationshipCollection:307 - Parsing relationship: /_rels/.rels
2026-01-02 18:40:03 DEBUG PackageRelationshipCollection:307 - Parsing relationship: /xl/_rels/workbook.xml.rels
2026-01-02 18:40:03 DEBUG PackageRelationshipCollection:307 - Parsing relationship: /_rels/.rels
2026-01-02 18:40:03 DEBUG PackageRelationshipCollection:307 - Parsing relationship: /xl/_rels/workbook.xml.rels
2026-01-02 18:40:03 DEBUG PackageRelationshipCollection:307 - Parsing relationship: /_rels/.rels
2026-01-02 18:40:03 DEBUG PackageRelationshipCollection:307 - Parsing relationship: /xl/_rels/workbook.xml.rels
2026-01-02 18:40:03 DEBUG PackageRelationshipCollection:307 - Parsing relationship: /_rels/.rels
2026-01-02 18:40:03 INFO  TCC_002_Myinfo:18 - *** Starting TCC_002_Myinfo ***
2026-01-02 18:40:03 INFO  TCC_002_Myinfo:22 - Inside LoginPage
2026-01-02 18:40:04 INFO  TCC_002_Myinfo:29 - Inside HomePage
2026-01-02 18:40:10 INFO  TCC_002_Myinfo:58 - *** Finished TCC_002_Myinfo ***
2026-01-02 18:40:10 INFO  TCC_002_Myinfo:18 - *** Starting TCC_002_Myinfo ***
2026-01-02 18:40:10 INFO  TCC_002_Myinfo:22 - Inside LoginPage
2026-01-02 18:40:11 INFO  TCC_002_Myinfo:29 - Inside HomePage
2026-01-02 18:40:33 INFO  TCC_002_Myinfo:58 - *** Finished TCC_002_Myinfo ***
2026-01-02 18:40:33 INFO  TCC_002_Myinfo:18 - *** Starting TCC_002_Myinfo ***
2026-01-02 18:40:33 INFO  TCC_002_Myinfo:22 - Inside LoginPage
2026-01-02 18:40:35 INFO  TCC_002_Myinfo:29 - Inside HomePage
2026-01-02 18:40:56 INFO  TCC_002_Myinfo:58 - *** Finished TCC_002_Myinfo ***
2026-01-02 18:40:56 INFO  TCC_002_Myinfo:18 - *** Starting TCC_002_Myinfo ***
2026-01-02 18:40:56 INFO  TCC_002_Myinfo:22 - Inside LoginPage
2026-01-02 18:40:56 INFO  TCC_002_Myinfo:29 - Inside HomePage
2026-01-02 18:41:18 INFO  TCC_002_Myinfo:58 - *** Finished TCC_002_Myinfo ***
2026-01-02 18:42:45 INFO  TCC_001_Myinfo:17 - *** Starting TCC_001_Myinfo ***
2026-01-02 18:42:46 INFO  TCC_001_Myinfo:21 - Inside LoginPage
2026-01-02 18:42:49 INFO  TCC_001_Myinfo:28 - Inside HomePage
2026-01-02 18:42:54 INFO  TCC_001_Myinfo:37 - *** Finished TCC_001_Myinfo ***
2026-01-02 18:55:23 INFO  TCC_001_Myinfo:17 - *** Starting TCC_001_Myinfo ***
2026-01-02 18:55:23 INFO  TCC_001_Myinfo:21 - Inside LoginPage
2026-01-02 18:55:26 INFO  TCC_001_Myinfo:28 - Inside HomePage
2026-01-02 18:55:30 INFO  TCC_001_Myinfo:37 - *** Finished TCC_001_Myinfo ***
2026-01-02 18:57:21 INFO  TCC_001_Myinfo:17 - *** Starting TCC_001_Myinfo ***
2026-01-02 18:57:21 INFO  TCC_001_Myinfo:21 - Inside LoginPage
2026-01-02 18:57:23 INFO  TCC_001_Myinfo:28 - Inside HomePage
2026-01-02 18:57:29 INFO  TCC_001_Myinfo:37 - *** Finished TCC_001_Myinfo ***
